Building/proguard-project.txt
# To enable ProGuard in your project, edit project.properties
# to define the proguard.config property as described in that file.
#
# Add project specific ProGuard rules here.
# By default, the flags in this file are appended to flags specified
# in ${sdk.dir}/tools/proguard/proguard-android.txt
# You can edit the include path and order by changing the ProGuard
# include property in project.properties.
#
# For more details, see
#   http://developer.android.com/guide/developing/tools/proguard.html

# Add any project specific keep options here:

-optimizationpasses 5                                                          
-dontusemixedcaseclassnames                                                    
-dontskipnonpubliclibraryclasses                                                
-dontpreverify                                                                  
-verbose                                                                        
-optimizations !code/simplification/arithmetic,!field/*,!class/merging/*        
-ignorewarnings

# If your project uses WebView with JS, uncomment the following
# and specify the fully qualified class name to the JavaScript interface
# class:
#-keepclassmembers class fqcn.of.javascript.interface.for.webview {
#   public *;
#}


-keep public class * extends android.app.Activity
-keep public class * extends android.app.Application
-keep public class * extends android.app.Service
-keep public class * extends android.content.BroadcastReceiver
-keep public class * extends android.content.ContentProvider
-keep public class * extends android.app.backup.BackupAgentHelper
-keep public class * extends android.preference.Preference
-keep public class com.android.vending.licensing.ILicensingService

-keepattributes Signature
-keep class com.google.** { *; }

-keep class com.j256.ormlite.** { *; }  
-keep class com.j256.ormlite.android.** { *; }  
-keep class com.j256.ormlite.field.** { *; }  
-keep class com.j256.ormlite.stmt.** { *; } 

-keepclasseswithmembers  class * {
    native <methods>;
}

-keepclasseswithmembers  class * {
    public <init>(android.content.Context);
}

-keepclasseswithmembers  class * {
    public <init>(android.content.Context, android.util.AttributeSet);
}

-keepclasseswithmembers  class * {
    public <init>(android.content.Context, android.util.AttributeSet, int);
}

-keepclassmembers enum * {
    public static **[] values();
    public static ** valueOf(java.lang.String);
}

-keep class com.e1858.building.entity.** {*;}
-keep class com.e1858.building.httppackage.** {*;}  
-keep class com.e1858.building.net.** {*;}  

-keep class com.google.gson.** {*;}  
-keep class android.support.v4.** {*;}

-keep class com.e1858.building.bean.** {*;}
-keep public class * extends com.hg.android.entitycache.BaseCacheEntity

-dontwarn com.igexin.**
-keep class com.igexin.**{*;}


#umeng #########################################
-keepclassmembers class * {
   public <init>(org.json.JSONObject);
}
-keep public class com.e1858.building.R$*{
    public static final int *;
}
-keep public class com.umeng.fb.ui.ThreadView {
}
-keepclassmembers enum * {
    public static **[] values();
    public static ** valueOf(java.lang.String);
}
# 如果仍存在问题，可以再做如下操作：
# 添加第三方jar包
#-libraryjars libs/umeng-sdk.jar
# 以下类过滤不混淆  
#-keep public class * extends com.umeng.**
# 以下包不进行过滤
#-keep class com.umeng.** { *; }
#umeng #########################################

-libraryjars   libs/AMap_Services_V2.3.1.jar

-libraryjars   libs/AMap_3DMap_V2.3.1.jar

-libraryjars   libs/Android_Cloud_V1.1.0.jar

-libraryjars   libs/Android_Location_V1.3.0.jar

-dontwarn com.amap.api.**   

-dontwarn com.a.a.**   

-dontwarn com.autonavi.**   

-keep class com.amap.api.**  {*;}      

-keep class com.autonavi.**  {*;}

-keep class com.a.a.**  {*;}