Building/proguard/seeds.txt
com.e1858.building.MainApplication
com.e1858.building.MainApplication: MainApplication()
com.e1858.building.R$anim
com.e1858.building.R$anim: int abc_fade_in
com.e1858.building.R$anim: int abc_fade_out
com.e1858.building.R$anim: int abc_slide_in_bottom
com.e1858.building.R$anim: int abc_slide_in_top
com.e1858.building.R$anim: int abc_slide_out_bottom
com.e1858.building.R$anim: int abc_slide_out_top
com.e1858.building.R$anim: int slide_in_from_bottom
com.e1858.building.R$anim: int slide_in_from_top
com.e1858.building.R$anim: int slide_out_to_bottom
com.e1858.building.R$anim: int slide_out_to_top
com.e1858.building.R$array
com.e1858.building.R$array: int businessinfo_detail_titles
com.e1858.building.R$array: int hg_weekdays
com.e1858.building.R$array: int pick_photo_items
com.e1858.building.R$array: int service_info_titles
com.e1858.building.R$array: int umeng_fb_contact_key_array
com.e1858.building.R$array: int umeng_fb_contact_type_array
com.e1858.building.R$attr
com.e1858.building.R$attr: int actionBarDivider
com.e1858.building.R$attr: int actionBarItemBackground
com.e1858.building.R$attr: int actionBarSize
com.e1858.building.R$attr: int actionBarSplitStyle
com.e1858.building.R$attr: int actionBarStyle
com.e1858.building.R$attr: int actionBarTabBarStyle
com.e1858.building.R$attr: int actionBarTabStyle
com.e1858.building.R$attr: int actionBarTabTextStyle
com.e1858.building.R$attr: int actionBarWidgetTheme
com.e1858.building.R$attr: int actionButtonStyle
com.e1858.building.R$attr: int actionDropDownStyle
com.e1858.building.R$attr: int actionLayout
com.e1858.building.R$attr: int actionMenuTextAppearance
com.e1858.building.R$attr: int actionMenuTextColor
com.e1858.building.R$attr: int actionModeBackground
com.e1858.building.R$attr: int actionModeCloseButtonStyle
com.e1858.building.R$attr: int actionModeCloseDrawable
com.e1858.building.R$attr: int actionModeCopyDrawable
com.e1858.building.R$attr: int actionModeCutDrawable
com.e1858.building.R$attr: int actionModeFindDrawable
com.e1858.building.R$attr: int actionModePasteDrawable
com.e1858.building.R$attr: int actionModePopupWindowStyle
com.e1858.building.R$attr: int actionModeSelectAllDrawable
com.e1858.building.R$attr: int actionModeShareDrawable
com.e1858.building.R$attr: int actionModeSplitBackground
com.e1858.building.R$attr: int actionModeStyle
com.e1858.building.R$attr: int actionModeWebSearchDrawable
com.e1858.building.R$bool
com.e1858.building.R$bool: int abc_action_bar_embed_tabs_pre_jb
com.e1858.building.R$bool: int abc_action_bar_expanded_action_views_exclusive
com.e1858.building.R$bool: int abc_config_actionMenuItemAllCaps
com.e1858.building.R$bool: int abc_config_allowActionMenuItemTextWithIcon
com.e1858.building.R$bool: int abc_config_showMenuShortcutsWhenKeyboardPresent
com.e1858.building.R$bool: int abc_split_action_bar_is_narrow
com.e1858.building.R$bool: int default_circle_indicator_centered
com.e1858.building.R$bool: int default_circle_indicator_snap
com.e1858.building.R$bool: int default_line_indicator_centered
com.e1858.building.R$bool: int default_title_indicator_selected_bold
com.e1858.building.R$bool: int default_underline_indicator_fades
...
android.support.v4.view.ViewPropertyAnimatorCompat$KitKatViewPropertyAnimatorCompatImpl
android.support.v4.view.ViewPropertyAnimatorCompat$KitKatViewPropertyAnimatorCompatImpl: ViewPropertyAnimatorCompat$KitKatViewPropertyAnimatorCompatImpl()
android.support.v4.view.ViewPropertyAnimatorCompat$KitKatViewPropertyAnimatorCompatImpl: void setUpdateListener(android.support.v4.view.ViewPropertyAnimatorCompat,android.view.View,android.support.v4.view.ViewPropertyAnimatorUpdateListener)
android.support.v4.view.ViewPropertyAnimatorCompat$ViewPropertyAnimatorCompatImpl
android.support.v4.view.ViewPropertyAnimatorCompat$ViewPropertyAnimatorCompatImpl: void setDuration(android.support.v4.view.ViewPropertyAnimatorCompat,android.view.View,long)
android.support.v4.view.ViewPropertyAnimatorCompat$ViewPropertyAnimatorCompatImpl: long getDuration(android.support.v4.view.ViewPropertyAnimatorCompat,android.view.View)
android.support.v4.view.ViewPropertyAnimatorCompat$ViewPropertyAnimatorCompatImpl: void setInterpolator(android.support.v4.view.ViewPropertyAnimatorCompat,android.view.View,android.view.animation.Interpolator)
android.support.v4.view.ViewPropertyAnimatorCompat$ViewPropertyAnimatorCompatImpl: android.view.animation.Interpolator getInterpolator(android.support.v4.view.ViewPropertyAnimatorCompat,android.view.View)
android.support.v4.view.ViewPropertyAnimatorCompat$ViewPropertyAnimatorCompatImpl: void setStartDelay(android.support.v4.view.ViewPropertyAnimatorCompat,android.view.View,long)
android.support.v4.view.ViewPropertyAnimatorCompat$ViewPropertyAnimatorCompatImpl: long getStartDelay(android.support.v4.view.ViewPropertyAnimatorCompat,android.view.View)
android.support.v4.view.ViewPropertyAnimatorCompat$ViewPropertyAnimatorCompatImpl: void alpha(android.support.v4.view.ViewPropertyAnimatorCompat,android.view.View,float)
android.support.v4.view.ViewPropertyAnimatorCompatICS
android.support.v4.view.ViewPropertyAnimatorCompatICS: ViewPropertyAnimatorCompatICS()
android.support.v4.view.ViewPropertyAnimatorCompatICS: void setDuration(android.view.View,long)
android.support.v4.view.ViewPropertyAnimatorCompatICS: void alpha(android.view.View,float)
android.support.v4.view.ViewPropertyAnimatorCompatICS: void translationX(android.view.View,float)
android.support.v4.view.ViewPropertyAnimatorCompatICS: void translationY(android.view.View,float)
android.support.v4.view.ViewPropertyAnimatorCompatICS: long getDuration(android.view.View)
android.support.v4.view.ViewPropertyAnimatorCompatICS: void setInterpolator(android.view.View,android.view.animation.Interpolator)
android.support.v4.view.ViewPropertyAnimatorCompatICS: void setStartDelay(android.view.View,long)
android.support.v4.view.ViewPropertyAnimatorCompatICS: long getStartDelay(android.view.View)
android.support.v4.view.ViewPropertyAnimatorCompatICS: void alphaBy(android.view.View,float)
android.support.v4.view.ViewPropertyAnimatorCompatICS: void rotation(android.view.View,float)
android.support.v4.view.ViewPropertyAnimatorCompatICS: void rotationBy(android.view.View,float)
android.support.v4.view.ViewPropertyAnimatorCompatICS: void rotationX(android.view.View,float)
android.support.v4.view.ViewPropertyAnimatorCompatICS: void rotationXBy(android.view.View,float)