Building/proguard/mapping.txt
com.e1858.building.AppManager -> com.e1858.building.a:
    java.util.Stack activityStack -> a
    com.e1858.building.AppManager instance -> b
    com.e1858.building.AppManager getAppManager() -> a
    void addActivity(android.app.Activity) -> a
    void removeActivity(android.app.Activity) -> b
    void finishActivity() -> b
    void finishActivity(android.app.Activity) -> c
    void finishActivity(java.lang.Class) -> a
    void finishAllActivity() -> c
com.e1858.building.Constant -> com.e1858.building.b:
com.e1858.building.Constant$DIRCONFIG -> com.e1858.building.c:
    java.lang.String ROOT_PATH -> a
    java.lang.String CRASH_PATH -> b
    java.lang.String CACHE_PATH -> c
    java.lang.String DATABASE_PATH -> d
com.e1858.building.GeTuiManager -> com.e1858.building.d:
    void setClientID() -> a
com.e1858.building.GeTuiManager$1 -> com.e1858.building.e:
    void onStart() -> onStart
    void onFinish(com.e1858.building.httppackage.SetgetuiClientIdResponse,java.lang.String) -> a
    void onFinish(java.lang.Object,java.lang.String) -> onFinish
com.e1858.building.MainApplication -> com.e1858.building.MainApplication:
    com.e1858.building.receiver.NetworkMonitor networkMonitor -> a
    boolean networkAvailable -> b
    boolean loginOK -> c
    android.os.Handler currentHandler -> d
    com.e1858.building.MainApplication mInstance -> e
    java.lang.String userName -> f
    java.lang.String password -> g
    com.e1858.building.bean.UserInfo userInfo -> h
    void onCreate() -> onCreate
    com.e1858.building.MainApplication getInstance() -> a
    void init() -> i
    void onLowMemory() -> onLowMemory
    void onTerminate() -> onTerminate
    boolean isNetworkAvailable() -> b
    void setNetworkAvailable(boolean) -> a
    boolean isLoginOK() -> c
    android.os.Handler getCurrentHandler() -> d
    void setCurrentHandler(android.os.Handler) -> a
    boolean isExistDataCache(java.lang.String) -> d
    boolean verifyLoggedInAndGoToLogin(android.app.Activity) -> a
    boolean isPassAuth(android.app.Activity) -> b
    boolean isPassAuth() -> e
    java.lang.String getUserName() -> f
    void setUserName(java.lang.String) -> a
    java.lang.String getPassword() -> g
    void setPassword(java.lang.String) -> b
    com.e1858.building.bean.UserInfo getUserInfo() -> h
    void setUserInfo(com.e1858.building.bean.UserInfo) -> a
    boolean saveObject(java.io.Serializable,java.lang.String) -> a
    java.io.Serializable readObject(java.lang.String) -> c
com.e1858.building.MainApplication$1 -> com.e1858.building.f:
    com.e1858.building.MainApplication this$0 -> a
    android.app.Activity val$activity -> b
    void onClick(android.content.DialogInterface,int) -> onClick
com.e1858.building.R -> com.e1858.building.R:
com.e1858.building.R$anim -> com.e1858.building.R$anim:
    int abc_fade_in -> abc_fade_in
    int abc_fade_out -> abc_fade_out
    int abc_slide_in_bottom -> abc_slide_in_bottom
    int abc_slide_in_top -> abc_slide_in_top
    int abc_slide_out_bottom -> abc_slide_out_bottom
    int abc_slide_out_top -> abc_slide_out_top
    int slide_in_from_bottom -> slide_in_from_bottom
    int slide_in_from_top -> slide_in_from_top
    int slide_out_to_bottom -> slide_out_to_bottom
    int slide_out_to_top -> slide_out_to_top
com.e1858.building.R$array -> com.e1858.building.R$array:
    int businessinfo_detail_titles -> businessinfo_detail_titles
    int hg_weekdays -> hg_weekdays
    int pick_photo_items -> pick_photo_items
    int service_info_titles -> service_info_titles
    int umeng_fb_contact_key_array -> umeng_fb_contact_key_array
    int umeng_fb_contact_type_array -> umeng_fb_contact_type_array
...
android.support.v4.view.accessibility.AccessibilityEventCompat -> android.support.v4.view.accessibility.AccessibilityEventCompat:
    android.support.v4.view.accessibility.AccessibilityEventCompat$AccessibilityEventVersionImpl IMPL -> IMPL
    int TYPE_VIEW_HOVER_ENTER -> TYPE_VIEW_HOVER_ENTER
    int TYPE_VIEW_HOVER_EXIT -> TYPE_VIEW_HOVER_EXIT
    int TYPE_TOUCH_EXPLORATION_GESTURE_START -> TYPE_TOUCH_EXPLORATION_GESTURE_START
    int TYPE_TOUCH_EXPLORATION_GESTURE_END -> TYPE_TOUCH_EXPLORATION_GESTURE_END
    int TYPE_WINDOW_CONTENT_CHANGED -> TYPE_WINDOW_CONTENT_CHANGED
    int TYPE_VIEW_SCROLLED -> TYPE_VIEW_SCROLLED
    int TYPE_VIEW_TEXT_SELECTION_CHANGED -> TYPE_VIEW_TEXT_SELECTION_CHANGED
    int TYPE_ANNOUNCEMENT -> TYPE_ANNOUNCEMENT
    int TYPE_VIEW_ACCESSIBILITY_FOCUSED -> TYPE_VIEW_ACCESSIBILITY_FOCUSED
    int TYPE_VIEW_ACCESSIBILITY_FOCUS_CLEARED -> TYPE_VIEW_ACCESSIBILITY_FOCUS_CLEARED
    int TYPE_VIEW_TEXT_TRAVERSED_AT_MOVEMENT_GRANULARITY -> TYPE_VIEW_TEXT_TRAVERSED_AT_MOVEMENT_GRANULARITY
    int TYPE_GESTURE_DETECTION_START -> TYPE_GESTURE_DETECTION_START
    int TYPE_GESTURE_DETECTION_END -> TYPE_GESTURE_DETECTION_END
    int TYPE_TOUCH_INTERACTION_START -> TYPE_TOUCH_INTERACTION_START
    int TYPE_TOUCH_INTERACTION_END -> TYPE_TOUCH_INTERACTION_END
    int TYPES_ALL_MASK -> TYPES_ALL_MASK
    int getRecordCount(android.view.accessibility.AccessibilityEvent) -> getRecordCount
android.support.v4.view.accessibility.AccessibilityEventCompat$AccessibilityEventIcsImpl -> android.support.v4.view.accessibility.AccessibilityEventCompat$AccessibilityEventIcsImpl:
    void appendRecord(android.view.accessibility.AccessibilityEvent,java.lang.Object) -> appendRecord
    java.lang.Object getRecord(android.view.accessibility.AccessibilityEvent,int) -> getRecord
    int getRecordCount(android.view.accessibility.AccessibilityEvent) -> getRecordCount
android.support.v4.view.accessibility.AccessibilityEventCompat$AccessibilityEventStubImpl -> android.support.v4.view.accessibility.AccessibilityEventCompat$AccessibilityEventStubImpl:
    void appendRecord(android.view.accessibility.AccessibilityEvent,java.lang.Object) -> appendRecord
    java.lang.Object getRecord(android.view.accessibility.AccessibilityEvent,int) -> getRecord
    int getRecordCount(android.view.accessibility.AccessibilityEvent) -> getRecordCount
android.support.v4.view.accessibility.AccessibilityEventCompat$AccessibilityEventVersionImpl -> android.support.v4.view.accessibility.AccessibilityEventCompat$AccessibilityEventVersionImpl:
    int getRecordCount(android.view.accessibility.AccessibilityEvent) -> getRecordCount
    void appendRecord(android.view.accessibility.AccessibilityEvent,java.lang.Object) -> appendRecord
    java.lang.Object getRecord(android.view.accessibility.AccessibilityEvent,int) -> getRecord
android.support.v4.view.accessibility.AccessibilityEventCompatIcs -> android.support.v4.view.accessibility.AccessibilityEventCompatIcs:
    int getRecordCount(android.view.accessibility.AccessibilityEvent) -> getRecordCount
    void appendRecord(android.view.accessibility.AccessibilityEvent,java.lang.Object) -> appendRecord
    java.lang.Object getRecord(android.view.accessibility.AccessibilityEvent,int) -> getRecord
    void setScrollable(android.view.accessibility.AccessibilityEvent,boolean) -> setScrollable