Building/proguard/usage.txt
com.e1858.building.AppManager:
    37:38:public android.app.Activity currentActivity()
    73:79:public void AppExit(android.content.Context)
com.e1858.building.AppUrlConfig
com.e1858.building.AppUrlConfig$api
com.e1858.building.BuildConfig
com.e1858.building.Constant:
    public static final int FetchCount
    public static final int PICTURE_MAX_SIZE
    public static final int PICTURE_MIN_SIDE_LENGTH
    public static final java.lang.String Service_Phone
    public static final java.lang.String ENCODING
    public static final int CONNECT_TIMEOUT
    public static final int NETWORK_CHECK_INTERVAL
    public static final int NETWORK_AVAILABLE_SOCKET_OPEN_INTERVAL
    public static final int LOCATION_LISTEN_INTERVAL
    public static final int FAIL_CODE
    public static final java.lang.String IMAGE_TYPE
    public static final java.lang.String USER_INFO
    public static final java.lang.String KEY
    public static final java.lang.String USERID
    public static final java.lang.String USERNAME
    public static final java.lang.String PASSWORD
    public static final java.lang.String PUSHSWITCH
    public static final java.lang.String HEADURL
    public static final java.lang.String NOTICE_NUM
    public static final java.lang.String LATITUDE
    public static final java.lang.String LONGITUDE
    public static final java.lang.String PROVINCE_LOCATION
    public static final java.lang.String CITY_LOCATION
    public static final java.lang.String PROVINCE
    public static final java.lang.String CITY
    public static final java.lang.String DISTRICT
    public static final java.lang.String VERSION_CODE
    3:3:public Constant()
com.e1858.building.Constant$ACTION_TYPE
com.e1858.building.Constant$AUTH
com.e1858.building.Constant$CACHE
com.e1858.building.Constant$DIRCONFIG:
    public static final java.lang.String ROOT_NAME
    39:39:public Constant$DIRCONFIG()
com.e1858.building.Constant$NOTICE_TYPE
com.e1858.building.Constant$OrderStatus
com.e1858.building.Constant$PUSH_TYPE
com.e1858.building.Constant$SIGNADDRESSTYPE
com.e1858.building.Constant$ToastMessage
com.e1858.building.Constant$UPDATEPICFLAG
com.e1858.building.GeTuiManager:
    12:12:public GeTuiManager()
com.e1858.building.MainApplication:
    private static final java.lang.String TAG
    106:107:public void setLoginOK(boolean)
com.e1858.building.Manifest
com.e1858.building.Manifest$permission
com.e1858.building.R:
    10:10:public R()
com.e1858.building.base.BaseActivity:
    193:204:public void dialogOpen(java.lang.String,java.lang.String,android.content.DialogInterface$OnClickListener)
    215:219:public void dialogOpen(java.lang.String,java.lang.String)
com.e1858.building.base.BaseActivity$1
com.e1858.building.base.BaseListActivity:
    49:49:protected com.handmark.pulltorefresh.library.PullToRefreshListView getListView()
    53:56:protected void addHeardView(android.view.View)
com.e1858.building.base.BaseListAdapter
com.e1858.building.base.BaseListAdapter$ViewHolder
com.e1858.building.base.WebViewActivity:
    public static final java.lang.String IntentKey_Title
    public static final java.lang.String IntentKey_URL
    public static final java.lang.String IntentKey_Content
com.e1858.building.holder.BaseViewHolder:
    34:36:public android.view.View detach()
com.e1858.building.holder.NotAcceptHolder:
    private android.widget.ImageView iv_arrow
com.e1858.building.holder.NotReserveHolder:
    private android.widget.ImageView iv
com.e1858.building.holder.ViewHolder:
    6:6:public ViewHolder()
com.e1858.building.mycase.CaseListFragment:
    public static final java.lang.String IntentKey_ServiceTypeID
com.e1858.building.notice.NoticeActivity:
    public static final java.lang.String NOTICE_ID
com.e1858.building.order.CancelOrderActivity:
    public static final java.lang.String ORDER_ID
    public static final java.lang.String TYPE
    public static final int TYPE_NOT_RELEASE
    public static final int TYPE_NOT_COMPLETE
...
com.umeng.analytics.social.d
com.umeng.analytics.social.e
com.umeng.analytics.social.f
com.umeng.fb.FeedbackAgent:
    53:54:public void setDebug(boolean)
    161:161:public long getUserInfoLastUpdateAt()
    175:176:public void openFeedbackPush()
    179:180:public void closeFeedbackPush()
    183:184:public void removeWelcomeInfo()
    187:188:public void setWelcomeInfo()
    191:195:public void setWelcomeInfo(java.lang.String)
    198:204:public void updateUserInfo()
com.umeng.fb.FeedbackAgent$3
com.umeng.fb.a
com.umeng.fb.fragment.FeedbackFragment:
    private static final java.lang.String p
    private static final int q
    private static final int r
    public static final java.lang.String BUNDLE_KEY_CONVERSATION_ID
    64:64:static synthetic java.lang.Runnable k(com.umeng.fb.fragment.FeedbackFragment)
com.umeng.fb.fragment.FeedbackFragment$FeedbackPushCallbacks:
    655:656:public void onAddPushDevReply()
com.umeng.fb.model.Constants
com.umeng.fb.model.FbSwitch:
    38:39:public void setFbPushSwitch(boolean)
    42:43:public void setWelcomeInfoSwitch(boolean)
    46:50:public void setWelcomeInfo(java.lang.String)
    53:53:public boolean getFbPushSwitch()
com.umeng.fb.model.Reply:
    public static final java.lang.String STATUS_NOT_SENT
    public static final java.lang.String STATUS_SENDING
    public static final java.lang.String STATUS_SENT
    public static final java.lang.String TYPE_NEW_FEEDBACK
    public static final java.lang.String TYPE_DEV_REPLY
    public static final java.lang.String TYPE_USER_REPLY
    private static final java.lang.String b
    private static final java.lang.String c
    private static final java.lang.String d
    private static final java.lang.String e
    private static final java.lang.String f
com.umeng.fb.model.Store:
    private static final java.lang.String d
    private static final java.lang.String e
    private static final java.lang.String f
    private static final java.lang.String g
    private static final java.lang.String h
    private static final java.lang.String i
    private static final java.lang.String j
    private static final java.lang.String k
    99:101:public void removeConversation(java.lang.String)
    141:144:public long getUserInfoLastUpdateAt()
    154:155:public long getUserInfoLastSyncAt()
    165:167:public void setUserInfoLastSyncAt(long)
    205:209:void a()
com.umeng.fb.model.UserInfo:
    114:114:public int getAgeGroup()
    118:119:public void setAgeGroup(int)
    122:122:public java.lang.String getGender()
    126:127:public void setGender(java.lang.String)
    138:138:public java.util.Map getRemark()
    142:143:public void setRemark(java.util.Map)
com.umeng.fb.net.a:
    public static final java.lang.String a
    public static final java.lang.String b
    public static final java.lang.String c
    public static final java.lang.String d
    public static final java.lang.String e
    public static final java.lang.String f
    private static final int j
    public static final java.lang.String g
com.umeng.fb.push.FBMessage
com.umeng.fb.push.FeedbackPush
com.umeng.fb.push.FeedbackPushImpl:
    private boolean l
    70:72:public void init(java.lang.Class,boolean)
    78:101:public void init(boolean)
    109:118:public boolean onFBMessage(android.content.Intent)
    127:161:public boolean dealFBMessage(com.umeng.fb.push.FBMessage)
    173:182:private boolean a(java.lang.String)
    189:217:private void a()
    226:281:private void a(java.util.List,java.lang.String)
    299:301:public void enable()
    307:309:public void disable()
    34:34:static synthetic android.content.Context a(com.umeng.fb.push.FeedbackPushImpl)
    34:34:static synthetic android.content.SharedPreferences b(com.umeng.fb.push.FeedbackPushImpl)
com.umeng.fb.push.FeedbackPushImpl$1
com.umeng.fb.push.FeedbackPushImpl$2
com.umeng.fb.push.FeedbackPushImpl$IFeedbackPushCallbacks:
    public abstract void onAddPushDevReply()